#
# There is insufficient memory for the Java Runtime Environment to continue.
# Native memory allocation (mmap) failed to map 104857600 bytes. Error detail: G1 virtual space
# Possible reasons:
#   The system is out of physical RAM or swap space
#   This process is running with CompressedOops enabled, and the Java Heap may be blocking the growth of the native heap
# Possible solutions:
#   Reduce memory load on the system
#   Increase physical memory or swap space
#   Check if swap backing store is full
#   Decrease Java heap size (-Xmx/-Xms)
#   Decrease number of Java threads
#   Decrease Java thread stack sizes (-Xss)
#   Set larger code cache with -XX:ReservedCodeCacheSize=
#   JVM is running with Zero Based Compressed Oops mode in which the Java heap is
#     placed in the first 32GB address space. The Java Heap base address is the
#     maximum limit for the native heap growth. Please use -XX:HeapBaseMinAddress
#     to set the Java Heap base and to place the Java Heap above 32GB virtual address.
# This output file may be truncated or incomplete.
#
#  Out of Memory Error (os_windows.cpp:3631), pid=10748, tid=46420
#
# JRE version: OpenJDK Runtime Environment Corretto-22.0.2.9.1 (22.0.2+9) (build 22.0.2+9-FR)
# Java VM: OpenJDK 64-Bit Server VM Corretto-22.0.2.9.1 (22.0.2+9-FR, mixed mode, emulated-client, sharing, tiered, compressed oops, compressed class ptrs, g1 gc, windows-amd64)
# No core dump will be written. Minidumps are not enabled by default on client versions of Windows
#

---------------  S U M M A R Y ------------

Command Line: -XX:TieredStopAtLevel=1 -Dspring.output.ansi.enabled=always -Dcom.sun.management.jmxremote -Dspring.jmx.enabled=true -Dspring.liveBeansView.mbeanDomain -Dspring.application.admin.enabled=true -Dmanagement.endpoints.jmx.exposure.include=* -javaagent:C:\Program Files\JetBrains\IntelliJ IDEA 2025.1.2\lib\idea_rt.jar=61432 -Dfile.encoding=UTF-8 -Dsun.stdout.encoding=UTF-8 -Dsun.stderr.encoding=UTF-8 sn.project.consultation.ConsultationBackendApplication

Host: Intel(R) Core(TM) i7-8665U CPU @ 1.90GHz, 8 cores, 15G,  Windows 11 , 64 bit Build 26100 (10.0.26100.6725)
Time: Sat Oct 25 14:58:55 2025 Greenwich elapsed time: 27.375619 seconds (0d 0h 0m 27s)

---------------  T H R E A D  ---------------

Current thread (0x000001c061d97410):  VMThread "VM Thread"          [id=46420, stack(0x000000b891d00000,0x000000b891e00000) (1024K)]

Stack: [0x000000b891d00000,0x000000b891e00000]
Native frames: (J=compiled Java code, j=interpreted, Vv=VM code, C=native code)
V  [jvm.dll+0x6f7bb9]  (no source info available)
V  [jvm.dll+0x8dc245]  (no source info available)
V  [jvm.dll+0x8de4ae]  (no source info available)
V  [jvm.dll+0x8deb93]  (no source info available)
V  [jvm.dll+0x28d336]  (no source info available)
V  [jvm.dll+0x6f4295]  (no source info available)
V  [jvm.dll+0x6e899a]  (no source info available)
V  [jvm.dll+0x369e6b]  (no source info available)
V  [jvm.dll+0x372386]  (no source info available)
V  [jvm.dll+0x3c4bf6]  (no source info available)
V  [jvm.dll+0x3c4ec8]  (no source info available)
V  [jvm.dll+0x33c86c]  (no source info available)
V  [jvm.dll+0x33c8f7]  (no source info available)
V  [jvm.dll+0x3831bb]  (no source info available)
V  [jvm.dll+0x3817c6]  (no source info available)
V  [jvm.dll+0x33bee7]  (no source info available)
V  [jvm.dll+0x380f74]  (no source info available)
V  [jvm.dll+0x8e47e8]  (no source info available)
V  [jvm.dll+0x8e5b67]  (no source info available)
V  [jvm.dll+0x8e60e0]  (no source info available)
V  [jvm.dll+0x8e6373]  (no source info available)
V  [jvm.dll+0x883778]  (no source info available)
V  [jvm.dll+0x6f63c5]  (no source info available)
C  [ucrtbase.dll+0x37b0]  (no source info available)
C  [KERNEL32.DLL+0x2e8d7]  (no source info available)
C  [ntdll.dll+0x8c53c]  (no source info available)

VM_Operation (0x000000b8936f1c20): G1CollectForAllocation, mode: safepoint, requested by thread 0x000001c04620a8b0


---------------  P R O C E S S  ---------------

Threads class SMR info:
_java_thread_list=0x000001c0466eb820, length=20, elements={
0x000001c04e589400, 0x000001c061db4a20, 0x000001c061dbc010, 0x000001c061dbd5e0,
0x000001c061dc1060, 0x000001c061dc1ac0, 0x000001c061dc2520, 0x000001c061dc2f80,
0x000001c0451cd370, 0x000001c04584b060, 0x000001c04584b6d0, 0x000001c045935760,
0x000001c045992bc0, 0x000001c045a769c0, 0x000001c045a978b0, 0x000001c045b56900,
0x000001c045b61be0, 0x000001c045b8eae0, 0x000001c04620a8b0, 0x000001c046e0c750
}

Java Threads: ( => current thread )
  0x000001c04e589400 JavaThread "main"                              [_thread_blocked, id=1848, stack(0x000000b891600000,0x000000b891700000) (1024K)]
  0x000001c061db4a20 JavaThread "Reference Handler"          daemon [_thread_blocked, id=49620, stack(0x000000b891e00000,0x000000b891f00000) (1024K)]
  0x000001c061dbc010 JavaThread "Finalizer"                  daemon [_thread_blocked, id=53208, stack(0x000000b891f00000,0x000000b892000000) (1024K)]
  0x000001c061dbd5e0 JavaThread "Signal Dispatcher"          daemon [_thread_blocked, id=49472, stack(0x000000b892000000,0x000000b892100000) (1024K)]
  0x000001c061dc1060 JavaThread "Attach Listener"            daemon [_thread_blocked, id=33824, stack(0x000000b892100000,0x000000b892200000) (1024K)]
  0x000001c061dc1ac0 JavaThread "Service Thread"             daemon [_thread_blocked, id=44360, stack(0x000000b892200000,0x000000b892300000) (1024K)]
  0x000001c061dc2520 JavaThread "Monitor Deflation Thread"   daemon [_thread_blocked, id=48308, stack(0x000000b892300000,0x000000b892400000) (1024K)]
  0x000001c061dc2f80 JavaThread "C1 CompilerThread0"         daemon [_thread_blocked, id=33484, stack(0x000000b892400000,0x000000b892500000) (1024K)]
  0x000001c0451cd370 JavaThread "Common-Cleaner"             daemon [_thread_blocked, id=25576, stack(0x000000b892500000,0x000000b892600000) (1024K)]
  0x000001c04584b060 JavaThread "Monitor Ctrl-Break"         daemon [_thread_in_native, id=44348, stack(0x000000b892700000,0x000000b892800000) (1024K)]
  0x000001c04584b6d0 JavaThread "Notification Thread"        daemon [_thread_blocked, id=21476, stack(0x000000b892800000,0x000000b892900000) (1024K)]
  0x000001c045935760 JavaThread "C1 CompilerThread1"         daemon [_thread_blocked, id=27212, stack(0x000000b892600000,0x000000b892700000) (1024K)]
  0x000001c045992bc0 JavaThread "C1 CompilerThread2"         daemon [_thread_blocked, id=28848, stack(0x000000b892900000,0x000000b892a00000) (1024K)]
  0x000001c045a769c0 JavaThread "RMI TCP Accept-0"           daemon [_thread_in_native, id=21236, stack(0x000000b892a00000,0x000000b892b00000) (1024K)]
  0x000001c045a978b0 JavaThread "RMI TCP Connection(1)-192.168.1.5" daemon [_thread_in_native, id=15396, stack(0x000000b892b00000,0x000000b892c00000) (1024K)]
  0x000001c045b56900 JavaThread "RMI Scheduler(0)"           daemon [_thread_blocked, id=36920, stack(0x000000b893300000,0x000000b893400000) (1024K)]
  0x000001c045b61be0 JavaThread "JMX server connection timeout 33" daemon [_thread_blocked, id=21132, stack(0x000000b893400000,0x000000b893500000) (1024K)]
  0x000001c045b8eae0 JavaThread "Thread-0"                          [_thread_blocked, id=31824, stack(0x000000b893500000,0x000000b893600000) (1024K)]
  0x000001c04620a8b0 JavaThread "restartedMain"                     [_thread_blocked, id=50344, stack(0x000000b893600000,0x000000b893700000) (1024K)]
  0x000001c046e0c750 JavaThread "mysql-cj-abandoned-connection-cleanup" daemon [_thread_blocked, id=37332, stack(0x000000b893700000,0x000000b893800000) (1024K)]
Total: 20

Other Threads:
=>0x000001c061d97410 VMThread "VM Thread"                           [id=46420, stack(0x000000b891d00000,0x000000b891e00000) (1024K)]
  0x000001c061d7b790 WatcherThread "VM Periodic Task Thread"        [id=49212, stack(0x000000b891c00000,0x000000b891d00000) (1024K)]
  0x000001c04e5ea650 WorkerThread "GC Thread#0"                     [id=30752, stack(0x000000b891700000,0x000000b891800000) (1024K)]
  0x000001c045a99940 WorkerThread "GC Thread#1"                     [id=5512, stack(0x000000b892c00000,0x000000b892d00000) (1024K)]
  0x000001c045aa37c0 WorkerThread "GC Thread#2"                     [id=36720, stack(0x000000b892d00000,0x000000b892e00000) (1024K)]
  0x000001c045aa3b70 WorkerThread "GC Thread#3"                     [id=17956, stack(0x000000b892e00000,0x000000b892f00000) (1024K)]
  0x000001c045ae3a20 WorkerThread "GC Thread#4"                     [id=6560, stack(0x000000b892f00000,0x000000b893000000) (1024K)]
  0x000001c045ae63f0 WorkerThread "GC Thread#5"                     [id=29872, stack(0x000000b893000000,0x000000b893100000) (1024K)]
  0x000001c045acfe10 WorkerThread "GC Thread#6"                     [id=8884, stack(0x000000b893100000,0x000000b893200000) (1024K)]
  0x000001c045adb4a0 WorkerThread "GC Thread#7"                     [id=39028, stack(0x000000b893200000,0x000000b893300000) (1024K)]
  0x000001c04e5fb260 ConcurrentGCThread "G1 Main Marker"            [id=15772, stack(0x000000b891800000,0x000000b891900000) (1024K)]
  0x000001c04e5fc490 WorkerThread "G1 Conc#0"                       [id=15992, stack(0x000000b891900000,0x000000b891a00000) (1024K)]
  0x000001c04687ff90 WorkerThread "G1 Conc#1"                       [id=51492, stack(0x000000b893900000,0x000000b893a00000) (1024K)]
  0x000001c061c4d890 ConcurrentGCThread "G1 Refine#0"               [id=30788, stack(0x000000b891a00000,0x000000b891b00000) (1024K)]
  0x000001c061c4e320 ConcurrentGCThread "G1 Service"                [id=22848, stack(0x000000b891b00000,0x000000b891c00000) (1024K)]
Total: 15

Threads with active compile tasks:
Total: 0

VM state: at safepoint (normal execution)

VM Mutex/Monitor currently owned by a thread:  ([mutex/lock_event])
[0x00007ff946cfff10] Threads_lock - owner thread: 0x000001c061d97410
[0x00007ff946d00010] Heap_lock - owner thread: 0x000001c04620a8b0

Heap address: 0x0000000702e00000, size: 4050 MB, Compressed Oops mode: Zero based, Oop shift amount: 3

CDS archive(s) mapped at: [0x000001c000000000-0x000001c000c60000-0x000001c000c60000), size 12976128, SharedBaseAddress: 0x000001c000000000, ArchiveRelocationMode: 1.
Compressed class space mapped at: 0x000001c001000000-0x000001c041000000, reserved size: 1073741824
Narrow klass base: 0x000001c000000000, Narrow klass shift: 0, Narrow klass range: 0x41000000

GC Precious Log:
 CardTable entry size: 512
 Card Set container configuration: InlinePtr #cards 4 size 8 Array Of Cards #cards 16 size 48 Howl #buckets 8 coarsen threshold 3686 Howl Bitmap #cards 512 size 80 coarsen threshold 460 Card regions per heap region 1 cards per card region 4096
 CPUs: 8 total, 8 available
 Memory: 16198M
 Large Page Support: Disabled
 NUMA Support: Disabled
 Compressed Oops: Enabled (Zero based)
 Heap Region Size: 2M
 Heap Min Capacity: 8M
 Heap Initial Capacity: 254M
 Heap Max Capacity: 4050M
 Pre-touch: Disabled
 Parallel Workers: 8
 Concurrent Workers: 2
 Concurrent Refinement Workers: 8
 Periodic GC: Disabled

Heap:
 garbage-first heap   total reserved 4147200K, committed 55296K, used 30041K [0x0000000702e00000, 0x0000000800000000)
  region size 2048K, 2 young (4096K), 2 survivors (4096K)
 Metaspace       used 41020K, committed 41664K, reserved 1114112K
  class space    used 5759K, committed 6016K, reserved 1048576K

Heap Regions: E=young(eden), S=young(survivor), O=old, HS=humongous(starts), HC=humongous(continues), CS=collection set, F=free, TAMS=top-at-mark-start, PB=parsable bottom
|   0|0x0000000702e00000, 0x0000000703000000, 0x0000000703000000|100%| O|  |TAMS 0x0000000702e00000| PB 0x0000000702e00000| Untracked |  0
|   1|0x0000000703000000, 0x0000000703200000, 0x0000000703200000|100%| O|  |TAMS 0x0000000703000000| PB 0x0000000703000000| Untracked |  0
|   2|0x0000000703200000, 0x0000000703400000, 0x0000000703400000|100%| O|  |TAMS 0x0000000703200000| PB 0x0000000703200000| Untracked |  0
|   3|0x0000000703400000, 0x0000000703600000, 0x0000000703600000|100%| O|  |TAMS 0x0000000703400000| PB 0x0000000703400000| Untracked |  0
|   4|0x0000000703600000, 0x0000000703800000, 0x0000000703800000|100%| O|  |TAMS 0x0000000703600000| PB 0x0000000703600000| Untracked |  0
|   5|0x0000000703800000, 0x0000000703a00000, 0x0000000703a00000|100%| O|  |TAMS 0x0000000703800000| PB 0x0000000703800000| Untracked |  0
|   6|0x0000000703a00000, 0x0000000703c00000, 0x0000000703c00000|100%| O|  |TAMS 0x0000000703a00000| PB 0x0000000703a00000| Untracked |  0
|   7|0x0000000703c00000, 0x0000000703e00000, 0x0000000703e00000|100%| O|Cm|TAMS 0x0000000703c00000| PB 0x0000000703c00000| Complete |  0
|   8|0x0000000703e00000, 0x0000000704000000, 0x0000000704000000|100%| O|  |TAMS 0x0000000703e00000| PB 0x0000000703e00000| Untracked |  0
|   9|0x0000000704000000, 0x0000000704200000, 0x0000000704200000|100%| O|  |TAMS 0x0000000704000000| PB 0x0000000704000000| Untracked |  0
|  10|0x0000000704200000, 0x0000000704400000, 0x0000000704400000|100%| O|  |TAMS 0x0000000704200000| PB 0x0000000704200000| Untracked |  0
|  11|0x0000000704400000, 0x000000070449eca0, 0x0000000704600000| 31%| O|  |TAMS 0x0000000704400000| PB 0x0000000704400000| Untracked |  0
|  12|0x0000000704600000, 0x0000000704800000, 0x0000000704800000|100%| O|  |TAMS 0x0000000704600000| PB 0x0000000704600000| Untracked |  0
|  13|0x0000000704800000, 0x0000000704a00000, 0x0000000704a00000|100%| O|  |TAMS 0x0000000704800000| PB 0x0000000704800000| Untracked |  0
|  14|0x0000000704a00000, 0x0000000704a00000, 0x0000000704c00000|  0%| F|  |TAMS 0x0000000704a00000| PB 0x0000000704a00000| Untracked |  0
|  15|0x0000000704c00000, 0x0000000704c00000, 0x0000000704e00000|  0%| F|  |TAMS 0x0000000704c00000| PB 0x0000000704c00000| Untracked |  0
|  16|0x0000000704e00000, 0x0000000704e00000, 0x0000000705000000|  0%| F|  |TAMS 0x0000000704e00000| PB 0x0000000704e00000| Untracked |  0
|  17|0x0000000705000000, 0x00000007050b7780, 0x0000000705200000| 35%| S|CS|TAMS 0x0000000705000000| PB 0x0000000705000000| Complete |  0
|  18|0x0000000705200000, 0x0000000705400000, 0x0000000705400000|100%| S|CS|TAMS 0x0000000705200000| PB 0x0000000705200000| Complete |  0
|  19|0x0000000705400000, 0x0000000705400000, 0x0000000705600000|  0%| F|  |TAMS 0x0000000705400000| PB 0x0000000705400000| Untracked |  0
|  20|0x0000000705600000, 0x0000000705600000, 0x0000000705800000|  0%| F|  |TAMS 0x0000000705600000| PB 0x0000000705600000| Untracked |  0
|  21|0x0000000705800000, 0x0000000705800000, 0x0000000705a00000|  0%| F|  |TAMS 0x0000000705800000| PB 0x0000000705800000| Untracked |  0
|  22|0x0000000705a00000, 0x0000000705a00000, 0x0000000705c00000|  0%| F|  |TAMS 0x0000000705a00000| PB 0x0000000705a00000| Untracked |  0
|  99|0x000000070f400000, 0x000000070f400000, 0x000000070f600000|  0%| F|  |TAMS 0x000000070f400000| PB 0x000000070f400000| Untracked |  0
| 100|0x000000070f600000, 0x000000070f600000, 0x000000070f800000|  0%| F|  |TAMS 0x000000070f600000| PB 0x000000070f600000| Untracked |  0
| 101|0x000000070f800000, 0x000000070f800000, 0x000000070fa00000|  0%| F|  |TAMS 0x000000070f800000| PB 0x000000070f800000| Untracked |  0
| 126|0x0000000712a00000, 0x0000000712a00000, 0x0000000712c00000|  0%| F|  |TAMS 0x0000000712a00000| PB 0x0000000712a00000| Untracked |  0

Card table byte_map: [0x000001c05ab90000,0x000001c05b380000] _byte_map_base: 0x000001c057379000

Marking Bits: (CMBitMap*) 0x000001c04e5eac70
 Bits: [0x000001c05b380000, 0x000001c05f2c8000)

Polling page: 0x000001c04ccf0000

Metaspace:

Usage:
  Non-class:     34.43 MB used.
      Class:      5.62 MB used.
       Both:     40.06 MB used.

Virtual space:
  Non-class space:       64.00 MB reserved,      34.81 MB ( 54%) committed,  1 nodes.
      Class space:        1.00 GB reserved,       5.88 MB ( <1%) committed,  1 nodes.
             Both:        1.06 GB reserved,      40.69 MB (  4%) committed. 

Chunk freelists:
   Non-Class:  12.30 MB
       Class:  9.94 MB
        Both:  22.23 MB

MaxMetaspaceSize: unlimited
CompressedClassSpaceSize: 1.00 GB
Initial GC threshold: 21.00 MB
Current GC threshold: 60.94 MB
CDS: on
 - commit_granule_bytes: 65536.
 - commit_granule_words: 8192.
 - virtual_space_node_default_size: 8388608.
 - enlarge_chunks_in_place: 1.
 - use_allocation_guard: 0.


Internal statistics:

num_allocs_failed_limit: 3.
num_arena_births: 812.
num_arena_deaths: 22.
num_vsnodes_births: 2.
num_vsnodes_deaths: 0.
num_space_committed: 651.
num_space_uncommitted: 0.
num_chunks_returned_to_freelist: 29.
num_chunks_taken_from_freelist: 2306.
num_chunk_merges: 8.
num_chunk_splits: 1601.
num_chunks_enlarged: 1199.
num_inconsistent_stats: 0.

CodeCache: size=49152Kb used=10707Kb max_used=11408Kb free=38444Kb
 bounds [0x000001c056b20000, 0x000001c057650000, 0x000001c059b20000]
 total_blobs=5809 nmethods=5221 adapters=510
 compilation: enabled
              stopped_count=0, restarted_count=0
 full_count=0

Compilation events (20 events):
Event: 25.632 Thread 0x000001c061dc2f80 5297       1       jdk.internal.loader.ClassLoaders::platformClassLoader (4 bytes)
Event: 25.632 Thread 0x000001c061dc2f80 nmethod 5297 0x000001c05722e490 code [0x000001c05722e620, 0x000001c05722e6d0]
Event: 26.011 Thread 0x000001c061dc2f80 5298       1       jdk.internal.loader.BuiltinClassLoader::findResources (182 bytes)
Event: 26.011 Thread 0x000001c045935760 5299       1       jdk.internal.loader.BuiltinClassLoader::findResourcesOnClassPath (43 bytes)
Event: 26.011 Thread 0x000001c045992bc0 5300       1       jdk.internal.loader.BuiltinClassLoader$1::<init> (28 bytes)
Event: 26.012 Thread 0x000001c045992bc0 nmethod 5300 0x000001c0573ce090 code [0x000001c0573ce240, 0x000001c0573ce468]
Event: 26.012 Thread 0x000001c045935760 nmethod 5299 0x000001c05737f610 code [0x000001c05737f7c0, 0x000001c05737fa18]
Event: 26.014 Thread 0x000001c061dc2f80 nmethod 5298 0x000001c05737e010 code [0x000001c05737e2e0, 0x000001c05737ee80]
Event: 26.014 Thread 0x000001c061dc2f80 5301       1       jdk.internal.misc.VM::initLevel (4 bytes)
Event: 26.014 Thread 0x000001c061dc2f80 nmethod 5301 0x000001c05737dd10 code [0x000001c05737dea0, 0x000001c05737df58]
Event: 26.020 Thread 0x000001c061dc2f80 5302       1       java.lang.ClassLoader::getSystemClassLoader (96 bytes)
Event: 26.021 Thread 0x000001c061dc2f80 nmethod 5302 0x000001c057094910 code [0x000001c057094ac0, 0x000001c057094c70]
Event: 26.024 Thread 0x000001c045935760 5304       1       java.util.Spliterators::iterator (14 bytes)
Event: 26.024 Thread 0x000001c045992bc0 5303       1       java.util.stream.ReferencePipeline::iterator (8 bytes)
Event: 26.025 Thread 0x000001c061dc2f80 5305       1       java.util.Spliterators$1Adapter::<init> (15 bytes)
Event: 26.025 Thread 0x000001c061dc2f80 nmethod 5305 0x000001c05722d810 code [0x000001c05722d9a0, 0x000001c05722dac0]
Event: 26.025 Thread 0x000001c045935760 nmethod 5304 0x000001c057094490 code [0x000001c057094640, 0x000001c057094848]
Event: 26.025 Thread 0x000001c045992bc0 nmethod 5303 0x000001c057093f90 code [0x000001c057094140, 0x000001c057094398]
Event: 26.081 Thread 0x000001c045992bc0 5306       1       java.security.PermissionCollection::<init> (5 bytes)
Event: 26.081 Thread 0x000001c045992bc0 nmethod 5306 0x000001c057093c90 code [0x000001c057093e20, 0x000001c057093ee8]

GC Heap History (20 events):
Event: 18.993 GC heap after
{Heap after GC invocations=5 (full 0):
 garbage-first heap   total reserved 4147200K, committed 55296K, used 18802K [0x0000000702e00000, 0x0000000800000000)
  region size 2048K, 2 young (4096K), 2 survivors (4096K)
 Metaspace       used 22055K, committed 22464K, reserved 1114112K
  class space    used 2978K, committed 3136K, reserved 1048576K
}
Event: 19.646 GC heap before
{Heap before GC invocations=5 (full 0):
 garbage-first heap   total reserved 4147200K, committed 55296K, used 39282K [0x0000000702e00000, 0x0000000800000000)
  region size 2048K, 12 young (24576K), 2 survivors (4096K)
 Metaspace       used 22999K, committed 23424K, reserved 1114112K
  class space    used 3120K, committed 3328K, reserved 1048576K
}
Event: 19.652 GC heap after
{Heap after GC invocations=6 (full 0):
 garbage-first heap   total reserved 4147200K, committed 55296K, used 20280K [0x0000000702e00000, 0x0000000800000000)
  region size 2048K, 1 young (2048K), 1 survivors (2048K)
 Metaspace       used 22999K, committed 23424K, reserved 1114112K
  class space    used 3120K, committed 3328K, reserved 1048576K
}
Event: 20.594 GC heap before
{Heap before GC invocations=6 (full 0):
 garbage-first heap   total reserved 4147200K, committed 55296K, used 42808K [0x0000000702e00000, 0x0000000800000000)
  region size 2048K, 12 young (24576K), 1 survivors (2048K)
 Metaspace       used 25317K, committed 25792K, reserved 1114112K
  class space    used 3421K, committed 3648K, reserved 1048576K
}
Event: 20.599 GC heap after
{Heap after GC invocations=7 (full 0):
 garbage-first heap   total reserved 4147200K, committed 55296K, used 21732K [0x0000000702e00000, 0x0000000800000000)
  region size 2048K, 2 young (4096K), 2 survivors (4096K)
 Metaspace       used 25317K, committed 25792K, reserved 1114112K
  class space    used 3421K, committed 3648K, reserved 1048576K
}
Event: 21.520 GC heap before
{Heap before GC invocations=7 (full 0):
 garbage-first heap   total reserved 4147200K, committed 55296K, used 42212K [0x0000000702e00000, 0x0000000800000000)
  region size 2048K, 12 young (24576K), 2 survivors (4096K)
 Metaspace       used 27081K, committed 27520K, reserved 1114112K
  class space    used 3716K, committed 3904K, reserved 1048576K
}
Event: 21.526 GC heap after
{Heap after GC invocations=8 (full 0):
 garbage-first heap   total reserved 4147200K, committed 55296K, used 23382K [0x0000000702e00000, 0x0000000800000000)
  region size 2048K, 2 young (4096K), 2 survivors (4096K)
 Metaspace       used 27081K, committed 27520K, reserved 1114112K
  class space    used 3716K, committed 3904K, reserved 1048576K
}
Event: 22.349 GC heap before
{Heap before GC invocations=8 (full 0):
 garbage-first heap   total reserved 4147200K, committed 55296K, used 43862K [0x0000000702e00000, 0x0000000800000000)
  region size 2048K, 12 young (24576K), 2 survivors (4096K)
 Metaspace       used 29051K, committed 29504K, reserved 1114112K
  class space    used 4015K, committed 4224K, reserved 1048576K
}
Event: 22.355 GC heap after
{Heap after GC invocations=9 (full 0):
 garbage-first heap   total reserved 4147200K, committed 55296K, used 24851K [0x0000000702e00000, 0x0000000800000000)
  region size 2048K, 2 young (4096K), 2 survivors (4096K)
 Metaspace       used 29051K, committed 29504K, reserved 1114112K
  class space    used 4015K, committed 4224K, reserved 1048576K
}
Event: 23.378 GC heap before
{Heap before GC invocations=9 (full 0):
 garbage-first heap   total reserved 4147200K, committed 55296K, used 45331K [0x0000000702e00000, 0x0000000800000000)
  region size 2048K, 12 young (24576K), 2 survivors (4096K)
 Metaspace       used 33144K, committed 33728K, reserved 1114112K
  class space    used 4569K, committed 4800K, reserved 1048576K
}
Event: 23.385 GC heap after
{Heap after GC invocations=10 (full 0):
 garbage-first heap   total reserved 4147200K, committed 55296K, used 26857K [0x0000000702e00000, 0x0000000800000000)
  region size 2048K, 2 young (4096K), 2 survivors (4096K)
 Metaspace       used 33144K, committed 33728K, reserved 1114112K
  class space    used 4569K, committed 4800K, reserved 1048576K
}
Event: 23.443 GC heap before
{Heap before GC invocations=10 (full 0):
 garbage-first heap   total reserved 4147200K, committed 55296K, used 26857K [0x0000000702e00000, 0x0000000800000000)
  region size 2048K, 3 young (6144K), 2 survivors (4096K)
 Metaspace       used 33197K, committed 33728K, reserved 1114112K
  class space    used 4580K, committed 4800K, reserved 1048576K
}
Event: 23.448 GC heap after
{Heap after GC invocations=11 (full 0):
 garbage-first heap   total reserved 4147200K, committed 55296K, used 26963K [0x0000000702e00000, 0x0000000800000000)
  region size 2048K, 2 young (4096K), 2 survivors (4096K)
 Metaspace       used 33197K, committed 33728K, reserved 1114112K
  class space    used 4580K, committed 4800K, reserved 1048576K
}
Event: 24.089 GC heap before
{Heap before GC invocations=12 (full 0):
 garbage-first heap   total reserved 4147200K, committed 55296K, used 41299K [0x0000000702e00000, 0x0000000800000000)
  region size 2048K, 10 young (20480K), 2 survivors (4096K)
 Metaspace       used 34943K, committed 35456K, reserved 1114112K
  class space    used 4833K, committed 5056K, reserved 1048576K
}
Event: 24.094 GC heap after
{Heap after GC invocations=13 (full 0):
 garbage-first heap   total reserved 4147200K, committed 55296K, used 28180K [0x0000000702e00000, 0x0000000800000000)
  region size 2048K, 2 young (4096K), 2 survivors (4096K)
 Metaspace       used 34943K, committed 35456K, reserved 1114112K
  class space    used 4833K, committed 5056K, reserved 1048576K
}
Event: 24.637 GC heap before
{Heap before GC invocations=13 (full 0):
 garbage-first heap   total reserved 4147200K, committed 55296K, used 42516K [0x0000000702e00000, 0x0000000800000000)
  region size 2048K, 10 young (20480K), 2 survivors (4096K)
 Metaspace       used 36131K, committed 36800K, reserved 1114112K
  class space    used 5013K, committed 5312K, reserved 1048576K
}
Event: 24.644 GC heap after
{Heap after GC invocations=14 (full 0):
 garbage-first heap   total reserved 4147200K, committed 55296K, used 27953K [0x0000000702e00000, 0x0000000800000000)
  region size 2048K, 2 young (4096K), 2 survivors (4096K)
 Metaspace       used 36131K, committed 36800K, reserved 1114112K
  class space    used 5013K, committed 5312K, reserved 1048576K
}
Event: 25.210 GC heap before
{Heap before GC invocations=14 (full 0):
 garbage-first heap   total reserved 4147200K, committed 55296K, used 44337K [0x0000000702e00000, 0x0000000800000000)
  region size 2048K, 10 young (20480K), 2 survivors (4096K)
 Metaspace       used 36749K, committed 37376K, reserved 1114112K
  class space    used 5134K, committed 5440K, reserved 1048576K
}
Event: 25.216 GC heap after
{Heap after GC invocations=15 (full 0):
 garbage-first heap   total reserved 4147200K, committed 55296K, used 29369K [0x0000000702e00000, 0x0000000800000000)
  region size 2048K, 2 young (4096K), 2 survivors (4096K)
 Metaspace       used 36749K, committed 37376K, reserved 1114112K
  class space    used 5134K, committed 5440K, reserved 1048576K
}
Event: 26.142 GC heap before
{Heap before GC invocations=16 (full 0):
 garbage-first heap   total reserved 4147200K, committed 55296K, used 45753K [0x0000000702e00000, 0x0000000800000000)
  region size 2048K, 10 young (20480K), 2 survivors (4096K)
 Metaspace       used 41020K, committed 41664K, reserved 1114112K
  class space    used 5759K, committed 6016K, reserved 1048576K
}

Dll operation events (11 events):
Event: 0.141 Loaded shared library C:\Users\Jason\.jdks\corretto-22.0.2\bin\java.dll
Event: 0.731 Loaded shared library C:\Users\Jason\.jdks\corretto-22.0.2\bin\zip.dll
Event: 0.740 Loaded shared library C:\Users\Jason\.jdks\corretto-22.0.2\bin\instrument.dll
Event: 0.752 Loaded shared library C:\Users\Jason\.jdks\corretto-22.0.2\bin\net.dll
Event: 0.757 Loaded shared library C:\Users\Jason\.jdks\corretto-22.0.2\bin\nio.dll
Event: 0.878 Loaded shared library C:\Users\Jason\.jdks\corretto-22.0.2\bin\zip.dll
Event: 1.070 Loaded shared library C:\Users\Jason\.jdks\corretto-22.0.2\bin\jimage.dll
Event: 14.266 Loaded shared library C:\Users\Jason\.jdks\corretto-22.0.2\bin\extnet.dll
Event: 14.303 Loaded shared library C:\Users\Jason\.jdks\corretto-22.0.2\bin\management.dll
Event: 14.328 Loaded shared library C:\Users\Jason\.jdks\corretto-22.0.2\bin\management_ext.dll
Event: 17.795 Loaded shared library C:\Users\Jason\.jdks\corretto-22.0.2\bin\sunmscapi.dll

Deoptimization events (4 events):
Event: 22.580 Thread 0x000001c04620a8b0 DEOPT PACKING pc=0x000001c0573cc66c sp=0x000000b8936fbea0
Event: 22.580 Thread 0x000001c04620a8b0 DEOPT UNPACKING pc=0x000001c056b74e42 sp=0x000000b8936fb360 mode 0
Event: 23.089 Thread 0x000001c04620a8b0 DEOPT PACKING pc=0x000001c05752f19c sp=0x000000b8936fdc20
Event: 23.089 Thread 0x000001c04620a8b0 DEOPT UNPACKING pc=0x000001c056b74e42 sp=0x000000b8936fd1c8 mode 0

Classes loaded (20 events):
Event: 26.055 Loading class javax/xml/stream/events/Characters
Event: 26.055 Loading class javax/xml/stream/events/Characters done
Event: 26.055 Loading class javax/xml/stream/events/StartDocument
Event: 26.055 Loading class javax/xml/stream/events/StartDocument done
Event: 26.055 Loading class javax/xml/stream/events/EndDocument
Event: 26.055 Loading class javax/xml/stream/events/EndDocument done
Event: 26.055 Loading class javax/xml/stream/events/EntityReference
Event: 26.055 Loading class javax/xml/stream/events/EntityReference done
Event: 26.055 Loading class javax/xml/stream/events/Comment
Event: 26.055 Loading class javax/xml/stream/events/Comment done
Event: 26.055 Loading class javax/xml/stream/events/ProcessingInstruction
Event: 26.055 Loading class javax/xml/stream/events/ProcessingInstruction done
Event: 26.055 Loading class javax/xml/stream/events/DTD
Event: 26.055 Loading class javax/xml/stream/events/DTD done
Event: 26.056 Loading class javax/xml/stream/Location
Event: 26.056 Loading class javax/xml/stream/Location done
Event: 26.112 Loading class java/lang/Process
Event: 26.112 Loading class java/lang/Process done
Event: 26.136 Loading class java/lang/reflect/GenericSignatureFormatError
Event: 26.136 Loading class java/lang/reflect/GenericSignatureFormatError done

Classes unloaded (11 events):
Event: 25.262 Thread 0x000001c061d97410 Unloading class 0x000001c0010c8400 'java/lang/invoke/LambdaForm$MH+0x000001c0010c8400'
Event: 25.262 Thread 0x000001c061d97410 Unloading class 0x000001c0010c7400 'java/lang/invoke/LambdaForm$MH+0x000001c0010c7400'
Event: 25.262 Thread 0x000001c061d97410 Unloading class 0x000001c0010c7000 'java/lang/invoke/LambdaForm$MH+0x000001c0010c7000'
Event: 25.262 Thread 0x000001c061d97410 Unloading class 0x000001c0010c6800 'java/lang/invoke/LambdaForm$MH+0x000001c0010c6800'
Event: 25.262 Thread 0x000001c061d97410 Unloading class 0x000001c0010c0800 'java/lang/invoke/LambdaForm$DMH+0x000001c0010c0800'
Event: 25.262 Thread 0x000001c061d97410 Unloading class 0x000001c0010c0000 'java/lang/invoke/LambdaForm$DMH+0x000001c0010c0000'
Event: 25.262 Thread 0x000001c061d97410 Unloading class 0x000001c00100c800 'java/lang/invoke/LambdaForm$DMH+0x000001c00100c800'
Event: 25.262 Thread 0x000001c061d97410 Unloading class 0x000001c00100c400 'java/lang/invoke/LambdaForm$DMH+0x000001c00100c400'
Event: 25.262 Thread 0x000001c061d97410 Unloading class 0x000001c001003400 'java/lang/invoke/LambdaForm$MH+0x000001c001003400'
Event: 25.262 Thread 0x000001c061d97410 Unloading class 0x000001c001003000 'java/lang/invoke/LambdaForm$MH+0x000001c001003000'
Event: 25.262 Thread 0x000001c061d97410 Unloading class 0x000001c001002c00 'java/lang/invoke/LambdaForm$MH+0x000001c001002c00'

Classes redefined (0 events):
No events

Internal exceptions (20 events):
Event: 23.112 Thread 0x000001c04620a8b0 Exception <a 'java/lang/IncompatibleClassChangeError'{0x0000000705747fc8}: Found class java.lang.Object, but interface was expected> (0x0000000705747fc8) 
thrown [s\src\hotspot\share\interpreter\linkResolver.cpp, line 841]
Event: 23.184 Thread 0x000001c04620a8b0 Exception <a 'java/lang/NoSuchMethodError'{0x00000007054b67a0}: 'java.lang.Object java.lang.invoke.DirectMethodHandle$Holder.invokeVirtual(java.lang.Object, java.lang.Object, java.lang.Object, java.lang.Object, java.lang.Object)'> (0x00000007054b67a0) 
thrown [s\src\hotspot\share\interpreter\linkResolver.cpp, line 774]
Event: 23.334 Thread 0x000001c04620a8b0 Exception <a 'java/lang/NoSuchMethodError'{0x00000007050e5140}: 'java.lang.Object java.lang.invoke.DirectMethodHandle$Holder.invokeVirtual(java.lang.Object, java.lang.Object, java.lang.Object, java.lang.Object, java.lang.Object, java.lang.Object)'> (0x00000007050e5140) 
thrown [s\src\hotspot\share\interpreter\linkResolver.cpp, line 774]
Event: 23.463 Thread 0x000001c04620a8b0 Exception <a 'java/lang/NoSuchMethodError'{0x0000000712a453c0}: 'void java.lang.invoke.DirectMethodHandle$Holder.invokeInterface(java.lang.Object, java.lang.Object, int)'> (0x0000000712a453c0) 
thrown [s\src\hotspot\share\interpreter\linkResolver.cpp, line 774]
Event: 23.471 Thread 0x000001c04620a8b0 Exception <a 'java/lang/IncompatibleClassChangeError'{0x0000000712a8bb38}: Found class java.lang.Object, but interface was expected> (0x0000000712a8bb38) 
thrown [s\src\hotspot\share\interpreter\linkResolver.cpp, line 841]
Event: 23.474 Thread 0x000001c04620a8b0 Exception <a 'java/lang/NoSuchMethodError'{0x0000000712aaa2c8}: 'void java.lang.invoke.DirectMethodHandle$Holder.invokeStatic(java.lang.Object, int, java.lang.Object)'> (0x0000000712aaa2c8) 
thrown [s\src\hotspot\share\interpreter\linkResolver.cpp, line 774]
Event: 23.530 Thread 0x000001c04620a8b0 Exception <a 'java/lang/NoSuchMethodError'{0x0000000712b56118}: 'void java.lang.invoke.DirectMethodHandle$Holder.invokeStatic(java.lang.Object, java.lang.Object, java.lang.Object, int, java.lang.Object)'> (0x0000000712b56118) 
thrown [s\src\hotspot\share\interpreter\linkResolver.cpp, line 774]
Event: 23.531 Thread 0x000001c04620a8b0 Exception <a 'java/lang/NoSuchMethodError'{0x0000000712b5ca98}: 'java.lang.Object java.lang.invoke.DirectMethodHandle$Holder.newInvokeSpecial(java.lang.Object, java.lang.Object, java.lang.Object, int)'> (0x0000000712b5ca98) 
thrown [s\src\hotspot\share\interpreter\linkResolver.cpp, line 774]
Event: 23.531 Thread 0x000001c04620a8b0 Exception <a 'java/lang/NoSuchMethodError'{0x0000000712b609f0}: 'java.lang.Object java.lang.invoke.DirectMethodHandle$Holder.invokeSpecial(java.lang.Object, java.lang.Object, java.lang.Object, java.lang.Object, int)'> (0x0000000712b609f0) 
thrown [s\src\hotspot\share\interpreter\linkResolver.cpp, line 774]
Event: 23.531 Thread 0x000001c04620a8b0 Exception <a 'java/lang/NoSuchMethodError'{0x0000000712b63e88}: 'java.lang.Object java.lang.invoke.Invokers$Holder.linkToTargetMethod(java.lang.Object, java.lang.Object, int, java.lang.Object)'> (0x0000000712b63e88) 
thrown [s\src\hotspot\share\interpreter\linkResolver.cpp, line 774]
Event: 24.135 Thread 0x000001c04620a8b0 Exception <a 'java/lang/NoSuchMethodError'{0x000000070f890a68}: 'int java.lang.invoke.DirectMethodHandle$Holder.invokeVirtual(java.lang.Object, java.lang.Object, java.lang.Object, java.lang.Object)'> (0x000000070f890a68) 
thrown [s\src\hotspot\share\interpreter\linkResolver.cpp, line 774]
Event: 24.136 Thread 0x000001c04620a8b0 Exception <a 'java/lang/NoSuchMethodError'{0x000000070f894550}: 'int java.lang.invoke.DelegatingMethodHandle$Holder.reinvoke_L(java.lang.Object, java.lang.Object, java.lang.Object, java.lang.Object)'> (0x000000070f894550) 
thrown [s\src\hotspot\share\interpreter\linkResolver.cpp, line 774]
Event: 24.197 Thread 0x000001c04620a8b0 Exception <a 'java/io/FileNotFoundException'{0x000000070f9bf500}> (0x000000070f9bf500) 
thrown [s\src\hotspot\share\prims\jni.cpp, line 520]
Event: 24.307 Thread 0x000001c04620a8b0 Exception <a 'java/lang/NoSuchMethodError'{0x000000070f4bfac0}: 'int java.lang.invoke.DirectMethodHandle$Holder.invokeInterface(java.lang.Object, java.lang.Object, java.lang.Object, java.lang.Object)'> (0x000000070f4bfac0) 
thrown [s\src\hotspot\share\interpreter\linkResolver.cpp, line 774]
Event: 24.467 Thread 0x000001c04620a8b0 Exception <a 'java/lang/NoSuchMethodError'{0x000000070587fac8}: 'java.lang.Object java.lang.invoke.DirectMethodHandle$Holder.invokeStaticInit(java.lang.Object, java.lang.Object, java.lang.Object, java.lang.Object)'> (0x000000070587fac8) 
thrown [s\src\hotspot\share\interpreter\linkResolver.cpp, line 774]
Event: 24.469 Thread 0x000001c04620a8b0 Exception <a 'java/lang/IncompatibleClassChangeError'{0x00000007058952f8}: Found class java.lang.Object, but interface was expected> (0x00000007058952f8) 
thrown [s\src\hotspot\share\interpreter\linkResolver.cpp, line 841]
Event: 24.471 Thread 0x000001c04620a8b0 Exception <a 'java/lang/IncompatibleClassChangeError'{0x00000007058a2980}: Found class java.lang.Object, but interface was expected> (0x00000007058a2980) 
thrown [s\src\hotspot\share\interpreter\linkResolver.cpp, line 841]
Event: 24.479 Thread 0x000001c04620a8b0 Exception <a 'java/lang/IncompatibleClassChangeError'{0x00000007058cf738}: Found class java.lang.Object, but interface was expected> (0x00000007058cf738) 
thrown [s\src\hotspot\share\interpreter\linkResolver.cpp, line 841]
Event: 25.138 Thread 0x000001c04620a8b0 Exception <a 'java/lang/NoSuchMethodError'{0x00000007057fd510}: 'java.lang.Object java.lang.invoke.DirectMethodHandle$Holder.newInvokeSpecial(java.lang.Object, java.lang.Object, java.lang.Object, java.lang.Object, java.lang.Object, java.lang.Object, java.lang.Object, java.lang.Object, java.lang.Object, java.lang.Object, java.lang.Object)'> (0x00000007057fd510) 
thrown [s\src\hotspot\share\interpreter\linkResolver.cpp, line 774]
Event: 25.382 Thread 0x000001c04620a8b0 Exception <a 'java/lang/NoSuchMethodError'{0x000000070f9cc238}: 'void java.lang.invoke.DelegatingMethodHandle$Holder.reinvoke_L(java.lang.Object, java.lang.Object, java.lang.Object, java.lang.Object, int, java.lang.Object, java.lang.Object, java.lang.Object)'> (0x000000070f9cc238) 
thrown [s\src\hotspot\share\interpreter\linkResolver.cpp, line 774]

ZGC Phase Switch (0 events):
No events

VM Operations (20 events):
Event: 24.094 Executing VM operation: G1CollectForAllocation (G1 Evacuation Pause) done
Event: 24.264 Executing VM operation: HandshakeAllThreads (Deoptimize)
Event: 24.264 Executing VM operation: HandshakeAllThreads (Deoptimize) done
Event: 24.637 Executing VM operation: G1CollectForAllocation (G1 Evacuation Pause)
Event: 24.644 Executing VM operation: G1CollectForAllocation (G1 Evacuation Pause) done
Event: 24.703 Executing VM operation: HandshakeAllThreads (Deoptimize)
Event: 24.703 Executing VM operation: HandshakeAllThreads (Deoptimize) done
Event: 24.707 Executing VM operation: HandshakeAllThreads (Deoptimize)
Event: 24.707 Executing VM operation: HandshakeAllThreads (Deoptimize) done
Event: 25.152 Executing VM operation: HandshakeAllThreads (Deoptimize)
Event: 25.153 Executing VM operation: HandshakeAllThreads (Deoptimize) done
Event: 25.210 Executing VM operation: G1CollectForAllocation (G1 Evacuation Pause)
Event: 25.216 Executing VM operation: G1CollectForAllocation (G1 Evacuation Pause) done
Event: 25.262 Executing VM operation: G1PauseRemark
Event: 25.269 Executing VM operation: G1PauseRemark done
Event: 25.285 Executing VM operation: G1PauseCleanup
Event: 25.285 Executing VM operation: G1PauseCleanup done
Event: 25.524 Executing VM operation: HandshakeAllThreads (Deoptimize)
Event: 25.524 Executing VM operation: HandshakeAllThreads (Deoptimize) done
Event: 26.142 Executing VM operation: G1CollectForAllocation (G1 Evacuation Pause)

Memory protections (0 events):
No events

Nmethod flushes (20 events):
Event: 25.268 Thread 0x000001c061d97410 flushing  nmethod 0x000001c0572b5390
Event: 25.268 Thread 0x000001c061d97410 flushing  nmethod 0x000001c05735e190
Event: 25.268 Thread 0x000001c061d97410 flushing  nmethod 0x000001c057361890
Event: 25.268 Thread 0x000001c061d97410 flushing  nmethod 0x000001c05738d910
Event: 25.268 Thread 0x000001c061d97410 flushing  nmethod 0x000001c057413910
Event: 25.268 Thread 0x000001c061d97410 flushing  nmethod 0x000001c057340610
Event: 25.268 Thread 0x000001c061d97410 flushing  nmethod 0x000001c05739db10
Event: 25.268 Thread 0x000001c061d97410 flushing  nmethod 0x000001c0573cc290
Event: 25.268 Thread 0x000001c061d97410 flushing  nmethod 0x000001c0573cd410
Event: 25.268 Thread 0x000001c061d97410 flushing  nmethod 0x000001c0573ce090
Event: 25.268 Thread 0x000001c061d97410 flushing  nmethod 0x000001c057240090
Event: 25.268 Thread 0x000001c061d97410 flushing  nmethod 0x000001c05736bf90
Event: 25.268 Thread 0x000001c061d97410 flushing  nmethod 0x000001c0573a6790
Event: 25.268 Thread 0x000001c061d97410 flushing  nmethod 0x000001c057465a10
Event: 25.268 Thread 0x000001c061d97410 flushing  nmethod 0x000001c057092c90
Event: 25.268 Thread 0x000001c061d97410 flushing  nmethod 0x000001c057307410
Event: 25.268 Thread 0x000001c061d97410 flushing  nmethod 0x000001c057396890
Event: 25.268 Thread 0x000001c061d97410 flushing  nmethod 0x000001c05752df90
Event: 25.268 Thread 0x000001c061d97410 flushing  nmethod 0x000001c05721b590
Event: 25.268 Thread 0x000001c061d97410 flushing  nmethod 0x000001c05741c910

Events (20 events):
Event: 3.185 Thread 0x000001c04532d670 Thread exited: 0x000001c04532d670
Event: 4.582 Thread 0x000001c0452a80a0 Thread exited: 0x000001c0452a80a0
Event: 4.582 Thread 0x000001c04532cfb0 Thread exited: 0x000001c04532cfb0
Event: 14.231 Thread 0x000001c04e589400 Thread added: 0x000001c04584b060
Event: 14.231 Thread 0x000001c04e589400 Thread added: 0x000001c04584b6d0
Event: 14.472 Thread 0x000001c061dc2f80 Thread added: 0x000001c045935760
Event: 14.660 Thread 0x000001c061dc2f80 Thread added: 0x000001c045992bc0
Event: 15.066 Thread 0x000001c04e589400 Thread added: 0x000001c045a769c0
Event: 15.109 Thread 0x000001c045a769c0 Thread added: 0x000001c045a978b0
Event: 15.162 Thread 0x000001c045a978b0 Thread added: 0x000001c045b56900
Event: 15.180 Thread 0x000001c045a978b0 Thread added: 0x000001c045b61be0
Event: 15.753 Thread 0x000001c04e589400 Thread added: 0x000001c045b8eae0
Event: 15.762 Thread 0x000001c045b8eae0 Thread added: 0x000001c04620a8b0
Event: 16.698 Thread 0x000001c04620a8b0 Thread added: 0x000001c046420d60
Event: 17.019 Thread 0x000001c045935760 Thread added: 0x000001c046639130
Event: 17.884 Thread 0x000001c046420d60 Thread exited: 0x000001c046420d60
Event: 18.121 Thread 0x000001c04620a8b0 Thread added: 0x000001c0469fb2c0
Event: 18.347 Thread 0x000001c0469fb2c0 Thread exited: 0x000001c0469fb2c0
Event: 25.039 Thread 0x000001c04620a8b0 Thread added: 0x000001c046e0c750
Event: 26.011 Thread 0x000001c046639130 Thread exited: 0x000001c046639130


Dynamic libraries:
0x00007ff73aeb0000 - 0x00007ff73aebe000 	C:\Users\Jason\.jdks\corretto-22.0.2\bin\java.exe
0x00007ff9b56e0000 - 0x00007ff9b5948000 	C:\WINDOWS\SYSTEM32\ntdll.dll
0x00007ff9b4fa0000 - 0x00007ff9b5069000 	C:\WINDOWS\System32\KERNEL32.DLL
0x00007ff9b3010000 - 0x00007ff9b3402000 	C:\WINDOWS\System32\KERNELBASE.dll
0x00007ff9b2ec0000 - 0x00007ff9b300b000 	C:\WINDOWS\System32\ucrtbase.dll
0x00007ff9a4890000 - 0x00007ff9a48a7000 	C:\Users\Jason\.jdks\corretto-22.0.2\bin\jli.dll
0x00007ff9b54b0000 - 0x00007ff9b5675000 	C:\WINDOWS\System32\USER32.dll
0x00007ff9b2de0000 - 0x00007ff9b2e07000 	C:\WINDOWS\System32\win32u.dll
0x00007ff9b4e00000 - 0x00007ff9b4e2b000 	C:\WINDOWS\System32\GDI32.dll
0x00007ff9b29c0000 - 0x00007ff9b2aed000 	C:\WINDOWS\System32\gdi32full.dll
0x00007ff9b2e10000 - 0x00007ff9b2eb3000 	C:\WINDOWS\System32\msvcp_win.dll
0x00007ff99b750000 - 0x00007ff99b9e3000 	C:\WINDOWS\WinSxS\amd64_microsoft.windows.common-controls_6595b64144ccf1df_6.0.26100.6899_none_3e0efeeae32e88c1\COMCTL32.dll
0x00007ff9b5100000 - 0x00007ff9b51a9000 	C:\WINDOWS\System32\msvcrt.dll
0x00007ff99f340000 - 0x00007ff99f35b000 	C:\Users\Jason\.jdks\corretto-22.0.2\bin\VCRUNTIME140.dll
0x00007ff9b4690000 - 0x00007ff9b46bf000 	C:\WINDOWS\System32\IMM32.DLL
0x00007ff9af870000 - 0x00007ff9af87c000 	C:\Users\Jason\.jdks\corretto-22.0.2\bin\vcruntime140_1.dll
0x00007ff990950000 - 0x00007ff9909dd000 	C:\Users\Jason\.jdks\corretto-22.0.2\bin\msvcp140.dll
0x00007ff946010000 - 0x00007ff946de1000 	C:\Users\Jason\.jdks\corretto-22.0.2\bin\server\jvm.dll
0x00007ff9b4ba0000 - 0x00007ff9b4c54000 	C:\WINDOWS\System32\ADVAPI32.dll
0x00007ff9b3610000 - 0x00007ff9b36b6000 	C:\WINDOWS\System32\sechost.dll
0x00007ff9b5390000 - 0x00007ff9b54a8000 	C:\WINDOWS\System32\RPCRT4.dll
0x00007ff9b4f20000 - 0x00007ff9b4f94000 	C:\WINDOWS\System32\WS2_32.dll
0x00007ff9b26d0000 - 0x00007ff9b272e000 	C:\WINDOWS\SYSTEM32\POWRPROF.dll
0x00007ff9a5da0000 - 0x00007ff9a5dab000 	C:\WINDOWS\SYSTEM32\VERSION.dll
0x00007ff99ba90000 - 0x00007ff99bac5000 	C:\WINDOWS\SYSTEM32\WINMM.dll
0x00007ff9b26b0000 - 0x00007ff9b26c4000 	C:\WINDOWS\SYSTEM32\UMPDC.dll
0x00007ff9b1600000 - 0x00007ff9b161b000 	C:\WINDOWS\SYSTEM32\kernel.appcore.dll
0x00007ff9a4900000 - 0x00007ff9a490a000 	C:\Users\Jason\.jdks\corretto-22.0.2\bin\jimage.dll
0x00007ff9a3cf0000 - 0x00007ff9a3f32000 	C:\WINDOWS\SYSTEM32\DBGHELP.DLL
0x00007ff9b46d0000 - 0x00007ff9b4a4b000 	C:\WINDOWS\System32\combase.dll
0x00007ff9b4e30000 - 0x00007ff9b4f07000 	C:\WINDOWS\System32\OLEAUT32.dll
0x00007ff9999a0000 - 0x00007ff9999dc000 	C:\WINDOWS\SYSTEM32\dbgcore.DLL
0x00007ff9b3410000 - 0x00007ff9b34a8000 	C:\WINDOWS\System32\bcryptPrimitives.dll
0x00007ff99faa0000 - 0x00007ff99faae000 	C:\Users\Jason\.jdks\corretto-22.0.2\bin\instrument.dll
0x00007ff99f320000 - 0x00007ff99f33e000 	C:\Users\Jason\.jdks\corretto-22.0.2\bin\java.dll
0x00007ff9b3a40000 - 0x00007ff9b418d000 	C:\WINDOWS\System32\SHELL32.dll
0x00007ff9b2c70000 - 0x00007ff9b2ddb000 	C:\WINDOWS\System32\wintypes.dll
0x00007ff9b36c0000 - 0x00007ff9b3858000 	C:\WINDOWS\System32\ole32.dll
0x00007ff9b0480000 - 0x00007ff9b0cdd000 	C:\WINDOWS\SYSTEM32\windows.storage.dll
0x00007ff9b51e0000 - 0x00007ff9b52d2000 	C:\WINDOWS\System32\SHCORE.dll
0x00007ff9b4620000 - 0x00007ff9b4682000 	C:\WINDOWS\System32\shlwapi.dll
0x00007ff9b2790000 - 0x00007ff9b27b9000 	C:\WINDOWS\SYSTEM32\profapi.dll
0x00007ff99ed30000 - 0x00007ff99ed47000 	C:\Users\Jason\.jdks\corretto-22.0.2\bin\zip.dll
0x00007ff99ed20000 - 0x00007ff99ed30000 	C:\Users\Jason\.jdks\corretto-22.0.2\bin\net.dll
0x00007ff9b1b50000 - 0x00007ff9b1bbb000 	C:\WINDOWS\system32\mswsock.dll
0x00007ff99bc00000 - 0x00007ff99bc16000 	C:\Users\Jason\.jdks\corretto-22.0.2\bin\nio.dll
0x00007ff99e7c0000 - 0x00007ff99e7c9000 	C:\Users\Jason\.jdks\corretto-22.0.2\bin\extnet.dll
0x00007ff9b1190000 - 0x00007ff9b12b6000 	C:\WINDOWS\SYSTEM32\DNSAPI.dll
0x00007ff9b10b0000 - 0x00007ff9b10e4000 	C:\WINDOWS\SYSTEM32\IPHLPAPI.DLL
0x00007ff9b4a50000 - 0x00007ff9b4a5a000 	C:\WINDOWS\System32\NSI.dll
0x00007ff9a5d90000 - 0x00007ff9a5d9b000 	C:\Windows\System32\rasadhlp.dll
0x00007ff9ac980000 - 0x00007ff9aca06000 	C:\WINDOWS\System32\fwpuclnt.dll
0x00007ff99e7b0000 - 0x00007ff99e7b9000 	C:\Users\Jason\.jdks\corretto-22.0.2\bin\management.dll
0x00007ff99c360000 - 0x00007ff99c36b000 	C:\Users\Jason\.jdks\corretto-22.0.2\bin\management_ext.dll
0x00007ff9b5070000 - 0x00007ff9b5078000 	C:\WINDOWS\System32\PSAPI.DLL
0x00007ff9b1f30000 - 0x00007ff9b1f4b000 	C:\WINDOWS\SYSTEM32\CRYPTSP.dll
0x00007ff9b1560000 - 0x00007ff9b159b000 	C:\WINDOWS\system32\rsaenh.dll
0x00007ff9b1bf0000 - 0x00007ff9b1c1b000 	C:\WINDOWS\SYSTEM32\USERENV.dll
0x00007ff9b2760000 - 0x00007ff9b2786000 	C:\WINDOWS\SYSTEM32\bcrypt.dll
0x00007ff9b1d90000 - 0x00007ff9b1d9c000 	C:\WINDOWS\SYSTEM32\CRYPTBASE.dll
0x00007ff98dcc0000 - 0x00007ff98dcd8000 	C:\WINDOWS\system32\napinsp.dll
0x00007ff98fba0000 - 0x00007ff98fbb2000 	C:\WINDOWS\System32\winrnr.dll
0x00007ff98dc90000 - 0x00007ff98dcb8000 	C:\WINDOWS\system32\nlansp_c.dll
0x00007ff9a4ee0000 - 0x00007ff9a4ef6000 	C:\WINDOWS\system32\wshbth.dll
0x00007ff9a6270000 - 0x00007ff9a627e000 	C:\Users\Jason\.jdks\corretto-22.0.2\bin\sunmscapi.dll
0x00007ff9b2af0000 - 0x00007ff9b2c67000 	C:\WINDOWS\System32\CRYPT32.dll
0x00007ff9b2080000 - 0x00007ff9b20b0000 	C:\WINDOWS\SYSTEM32\ncrypt.dll
0x00007ff9b2030000 - 0x00007ff9b206f000 	C:\WINDOWS\SYSTEM32\NTASN1.dll

dbghelp: loaded successfully - version: 4.0.5 - missing functions: none
symbol engine: initialized successfully - sym options: 0x614 - pdb path: .;C:\Users\Jason\.jdks\corretto-22.0.2\bin;C:\WINDOWS\SYSTEM32;C:\WINDOWS\WinSxS\amd64_microsoft.windows.common-controls_6595b64144ccf1df_6.0.26100.6899_none_3e0efeeae32e88c1;C:\Users\Jason\.jdks\corretto-22.0.2\bin\server

VM Arguments:
jvm_args: -XX:TieredStopAtLevel=1 -Dspring.output.ansi.enabled=always -Dcom.sun.management.jmxremote -Dspring.jmx.enabled=true -Dspring.liveBeansView.mbeanDomain -Dspring.application.admin.enabled=true -Dmanagement.endpoints.jmx.exposure.include=* -javaagent:C:\Program Files\JetBrains\IntelliJ IDEA 2025.1.2\lib\idea_rt.jar=61432 -Dfile.encoding=UTF-8 -Dsun.stdout.encoding=UTF-8 -Dsun.stderr.encoding=UTF-8 
java_command: sn.project.consultation.ConsultationBackendApplication
java_class_path (initial): C:\Users\Jason\Documents\Consultation_Backend\target\classes;C:\Users\Jason\.m2\repository\org\springframework\boot\spring-boot-starter-data-jpa\3.4.5\spring-boot-starter-data-jpa-3.4.5.jar;C:\Users\Jason\.m2\repository\org\hibernate\orm\hibernate-core\6.6.13.Final\hibernate-core-6.6.13.Final.jar;C:\Users\Jason\.m2\repository\jakarta\persistence\jakarta.persistence-api\3.1.0\jakarta.persistence-api-3.1.0.jar;C:\Users\Jason\.m2\repository\jakarta\transaction\jakarta.transaction-api\2.0.1\jakarta.transaction-api-2.0.1.jar;C:\Users\Jason\.m2\repository\org\jboss\logging\jboss-logging\3.6.1.Final\jboss-logging-3.6.1.Final.jar;C:\Users\Jason\.m2\repository\org\hibernate\common\hibernate-commons-annotations\7.0.3.Final\hibernate-commons-annotations-7.0.3.Final.jar;C:\Users\Jason\.m2\repository\io\smallrye\jandex\3.2.0\jandex-3.2.0.jar;C:\Users\Jason\.m2\repository\com\fasterxml\classmate\1.7.0\classmate-1.7.0.jar;C:\Users\Jason\.m2\repository\net\bytebuddy\byte-buddy\1.15.11\byte-buddy-1.15.11.jar;C:\Users\Jason\.m2\repository\org\glassfish\jaxb\jaxb-runtime\4.0.5\jaxb-runtime-4.0.5.jar;C:\Users\Jason\.m2\repository\org\glassfish\jaxb\jaxb-core\4.0.5\jaxb-core-4.0.5.jar;C:\Users\Jason\.m2\repository\org\glassfish\jaxb\txw2\4.0.5\txw2-4.0.5.jar;C:\Users\Jason\.m2\repository\com\sun\istack\istack-commons-runtime\4.1.2\istack-commons-runtime-4.1.2.jar;C:\Users\Jason\.m2\repository\jakarta\inject\jakarta.inject-api\2.0.1\jakarta.inject-api-2.0.1.jar;C:\Users\Jason\.m2\repository\org\antlr\antlr4-runtime\4.13.0\antlr4-runtime-4.13.0.jar;C:\Users\Jason\.m2\repository\org\springframework\data\spring-data-jpa\3.4.5\spring-data-jpa-3.4.5.jar;C:\Users\Jason\.m2\repository\org\springframework\data\spring-data-commons\3.4.5\spring-data-commons-3.4.5.jar;C:\Users\Jason\.m2\repository\org\springframework\spring-orm\6.2.6\spring-orm-6.2.6.jar;C:\Users\Jason\.m2\repository\org\springframework\spring-context\6.2.6\spring-context-6.2.6.jar;C:\Users\Jason\.m2\repository\org\springframework\spring-tx\6.2.6\spring-tx-6.2.6.jar;C:\Users\Jason\.m2\repository\org\springframework\spring-beans\6.2.6\spring-beans-6.2.6.jar;C:\Users\Jason\.m2\repository\org\springframework\spring-aspects\6.2.6\spring-aspects-6.2.6.jar;C:\Users\Jason\.m2\repository\org\aspectj\aspectjweaver\1.9.24\aspectjweaver-1.9.24.jar;C:\Users\Jason\.m2\repository\org\springframework\boot\spring-boot-starter-jdbc\3.4.5\spring-boot-starter-jdbc-3.4.5.jar;C:\Users\Jason\.m2\repository\com\zaxxer\HikariCP\5.1.0\HikariCP-5.1.0.jar;C:\Users\Jason\.m2\repository\org\springframework\spring-jdbc\6.2.6\spring-jdbc-6.2.6.jar;C:\Users\Jason\.m2\repository\com\github\haifengl\smile-core\2.6.0\smile-core-2.6.0.jar;C:\Users\Jason\.m2\repository\com\github\haifengl\smile-data\2.6.0\smile-data-2.6.0.jar;C:\Users\Jason\.m2\repository\com\github\haifengl\smile-math\2.6.0\smile-math-2.6.0.jar;C:\Users\Jason\.m2\repository\com\github\haifengl\smile-graph\2.6.0\smile-graph-2.6.0.jar;C:\Users\Jason\.m2\repository\org\springframework\boot\spring-boot-starter-websocket\3.4.5\spring-boot-starter-websocket-3.4.5.jar;C:\Users\Jason\.m2\repository\org\springframework\spring-messaging\6.2.6\spring-messaging-6.2.6.jar;C:\Users\Jason\.m2\repository\org\springframework\spring-websocket\6.2.6\spring-websocket-6.2.6.jar;C:\Users\Jason\.m2\repository\org\springframework\boot\spring-boot-starter-web\3.4.5\spring-boot-starter-web-3.4.5.jar;C:\Users\Jason\.m2\repository\org\springframework\boot\spring-boot-starter-json\3.4.5\spring-boot-starter-json-3.4.5.jar;C:\Users\Jason\.m2\repository\com\fasterxml\jackson\datatype\jackson-datatype-jdk8\2.18.3\jackson-datatype-jdk8-2.18.3.jar;C:\Users\Jason\.m2\repository\com\fasterxml\jackson\module\jackson-module-parameter-names\2.18.3\jackson-module-parameter-names-2.18.3.jar;C:\Users\Jason\.m2\repository\org\springframework\boot\spring-boot-starter-tomcat\3.4.5\spring-boot-starter-tomcat-3.4.5.jar;C:\Users\Jason\.m2\repository\org\apache\tomcat\embed\tomcat-embed-core\10.1.40\tomcat-embed-core-10.1.40.jar;C:\Users\Jason\.m2\repository\org\apache\tomcat\embed\tomcat-embed-el\10.1.40\tomcat-embed-el-10.1.40.jar;C:\Users\Jason\.m2\repository\org\apache\tomcat\embed\tomcat-embed-websocket\10.1.40\tomcat-embed-websocket-10.1.40.jar;C:\Users\Jason\.m2\repository\org\springframework\spring-web\6.2.6\spring-web-6.2.6.jar;C:\Users\Jason\.m2\repository\org\springframework\spring-webmvc\6.2.6\spring-webmvc-6.2.6.jar;C:\Users\Jason\.m2\repository\org\springframework\spring-expression\6.2.6\spring-expression-6.2.6.jar;C:\Users\Jason\.m2\repository\org\springframework\boot\spring-boot-starter-web-services\3.4.5\spring-boot-starter-web-services-3.4.5.jar;C:\Users\Jason\.m2\repository\com\sun\xml\messaging\saaj\saaj-impl\3.0.4\saaj-impl-3.0.4.jar;C:\Users\Jason\.m2\repository\jakarta\xml\soap\jakarta.xml.soap-api\3.0.2\jakarta.xml.soap-api-3.0.2.jar;C:\Users\Jason\.m2\repository\org\jvnet\staxex\stax-ex\2.1.0\stax-ex-2.1.0.jar;C:\Users\Jason\.m2\repository\jakarta\activation\jakarta.activation-api\2.1.3\jakarta.activation-api-2.1.3.jar;C:\Users\Jason\.m2\repository\org\eclipse\angus\angus-activation\2.0.2\angus-activation-2.0.2.jar;C:\Users\Jason\.m2\repository\jakarta\xml\ws\jakarta.xml.ws-api\4.0.2\jakarta.xml.ws-api-4.0.2.jar;C:\Users\Jason\.m2\repository\org\springframework\spring-oxm\6.2.6\spring-oxm-6.2.6.jar;C:\Users\Jason\.m2\repository\org\springframework\ws\spring-ws-core\4.0.13\spring-ws-core-4.0.13.jar;C:\Users\Jason\.m2\repository\org\springframework\ws\spring-xml\4.0.13\spring-xml-4.0.13.jar;C:\Users\Jason\.m2\repository\org\springframework\boot\spring-boot-starter\3.4.5\spring-boot-starter-3.4.5.jar;C:\Users\Jason\.m2\repository\org\springframework\boot\spring-boot\3.4.5\spring-boot-3.4.5.jar;C:\Users\Jason\.m2\repository\org\springframework\boot\spring-boot-autoconfigure\3.4.5\spring-boot-autoconfigure-3.4.5.jar;C:\Users\Jason\.m2\repository\org\springframework\boot\spring-boot-starter-logging\3.4.5\spring-boot-starter-logging-3.4.5.jar;C:\Users\Jason\.m2\repository\ch\qos\logback\logback-classic\1.5.18\logback-classic-1.5.18.jar;C:\Users\Jason\.m2\repository\ch\qos\logback\logback-core\1.5.18\logback-core-1.5.18.jar;C:\Users\Jason\.m2\repository\org\apache\logging\log4j\log4j-to-slf4j\2.24.3\log4j-to-slf4j-2.24.3.jar;C:\Users\Jason\.m2\repository\org\apache\logging\log4j\log4j-api\2.24.3\log4j-api-2.24.3.jar;C:\Users\Jason\.m2\repository\org\slf4j\jul-to-slf4j\2.0.17\jul-to-slf4j-2.0.17.jar;C:\Users\Jason\.m2\repository\org\springframework\spring-core\6.2.6\spring-core-6.2.6.jar;C:\Users\Jason\.m2\repository\org\springframework\spring-jcl\6.2.6\spring-jcl-6.2.6.jar;C:\Users\Jason\.m2\repository\org\yaml\snakeyaml\2.3\snakeyaml-2.3.jar;C:\Users\Jason\.m2\repository\jakarta\annotation\jakarta.annotation-api\2.1.1\jakarta.annotation-api-2.1.1.jar;C:\Users\Jason\.m2\repository\org\springframework\boot\spring-boot-devtools\3.4.5\spring-boot-devtools-3.4.5.jar;C:\Users\Jason\.m2\repository\org\projectlombok\lombok\1.18.38\lombok-1.18.38.jar;C:\Users\Jason\.m2\repository\jakarta\xml\bind\jakarta.xml.bind-api\4.0.2\jakarta.xml.bind-api-4.0.2.jar;C:\Users\Jason\.m2\repository\com\twilio\sdk\twilio\9.12.0\twilio-9.12.0.jar;C:\Users\Jason\.m2\repository\commons-codec\commons-codec\1.17.2\commons-codec-1.17.2.jar;C:\Users\Jason\.m2\repository\commons-io\commons-io\2.7\commons-io-2.7.jar;C:\Users\Jason\.m2\repository\org\apache\httpcomponents\httpclient\4.5.13\httpclient-4.5.13.jar;C:\Users\Jason\.m2\repository\commons-logging\commons-logging\1.2\commons-logging-1.2.jar;C:\Users\Jason\.m2\repository\org\apache\httpcomponents\httpcore\4.4.16\httpcore-4.4.16.jar;C:\Users\Jason\.m2\repository\com\fasterxml\jackson\core\jackson-core\2.18.3\jackson-core-2.18.3.jar;C:\Users\Jason\.m2\repository\com\fasterxml\jackson\core\jackson-annotations\2.18.3\jackson-annotations-2.18.3.jar;C:\Users\Jason\.m2\repository\com\fasterxml\jackson\core\jackson-databind\2.18.3\jackson-databind-2.18.3.jar;C:\Users\Jason\.m2\repository\com\fasterxml\jackson\datatype\jackson-datatype-jsr310\2.18.3\jackson-datatype-jsr310-2.18.3.jar;C:\Users\Jason\.m2\repository\com\fasterxml\jackson\dataformat\jackson-dataformat-xml\2.18.3\jackson-dataformat-xml-2.18.3.jar;C:\Users\Jason\.m2\repository\org\codehaus\woodstox\stax2-api\4.2.2\stax2-api-4.2.2.jar;C:\Users\Jason\.m2\repository\com\fasterxml\woodstox\woodstox-core\7.0.0\woodstox-core-7.0.0.jar;C:\Users\Jason\.m2\repository\org\slf4j\slf4j-api\2.0.17\slf4j-api-2.0.17.jar;C:\Users\Jason\.m2\repository\org\springframework\boot\spring-boot-starter-mail\3.4.5\spring-boot-starter-mail-3.4.5.jar;C:\Users\Jason\.m2\repository\org\springframework\spring-context-support\6.2.6\spring-context-support-6.2.6.jar;C:\Users\Jason\.m2\repository\org\eclipse\angus\jakarta.mail\2.0.3\jakarta.mail-2.0.3.jar;C:\Users\Jason\.m2\repository\com\mysql\mysql-connector-j\8.2.0\mysql-connector-j-8.2.0.jar;C:\Users\Jason\.m2\repository\com\openhtmltopdf\openhtmltopdf-pdfbox\1.0.10\openhtmltopdf-pdfbox-1.0.10.jar;C:\Users\Jason\.m2\repository\org\apache\pdfbox\pdfbox\2.0.24\pdfbox-2.0.24.jar;C:\Users\Jason\.m2\repository\org\apache\pdfbox\fontbox\2.0.24\fontbox-2.0.24.jar;C:\Users\Jason\.m2\repository\org\apache\pdfbox\xmpbox\2.0.24\xmpbox-2.0.24.jar;C:\Users\Jason\.m2\repository\com\openhtmltopdf\openhtmltopdf-core\1.0.10\openhtmltopdf-core-1.0.10.jar;C:\Users\Jason\.m2\repository\de\rototor\pdfbox\graphics2d\0.32\graphics2d-0.32.jar;C:\Users\Jason\.m2\repository\com\itextpdf\itextpdf\5.5.13.4\itextpdf-5.5.13.4.jar;C:\Users\Jason\.m2\repository\com\sun\mail\jakarta.mail\2.0.1\jakarta.mail-2.0.1.jar;C:\Users\Jason\.m2\repository\com\sun\activation\jakarta.activation\2.0.1\jakarta.activation-2.0.1.jar;C:\Users\Jason\.m2\repository\com\github\javafaker\javafaker\1.0.2\javafaker-1.0.2.jar;C:\Users\Jason\.m2\repository\org\apache\commons\commons-lang3\3.17.0\commons-lang3-3.17.0.jar;C:\Users\Jason\.m2\repository\org\yaml\snakeyaml\1.23\snakeyaml-1.23-android.jar;C:\Users\Jason\.m2\repository\com\github\mifmif\generex\1.0.2\generex-1.0.2.jar;C:\Users\Jason\.m2\repository\dk\brics\automaton\automaton\1.11-8\automaton-1.11-8.jar;C:\Users\Jason\.m2\repository\org\springframework\boot\spring-boot-starter-actuator\3.4.5\spring-boot-starter-actuator-3.4.5.jar;C:\Users\Jason\.m2\repository\org\springframework\boot\spring-boot-actuator-autoconfigure\3.4.5\spring-boot-actuator-autoconfigure-3.4.5.jar;C:\Users\Jason\.m2\repository\org\springframework\boot\spring-boot-actuator\3.4.5\spring-boot-actuator-3.4.5.jar;C:\Users\Jason\.m2\repository\io\micrometer\micrometer-observation\1.14.6\micrometer-observation-1.14.6.jar;C:\Users\Jason\.m2\repository\io\micrometer\micrometer-commons\1.14.6\micrometer-commons-1.14.6.jar;C:\Users\Jason\.m2\repository\io\micrometer\micrometer-jakarta9\1.14.6\micrometer-jakarta9-1.14.6.jar;C:\Users\Jason\.m2\repository\io\micrometer\micrometer-core\1.14.6\micrometer-core-1.14.6.jar;C:\Users\Jason\.m2\repository\org\hdrhistogram\HdrHistogram\2.2.2\HdrHistogram-2.2.2.jar;C:\Users\Jason\.m2\repository\org\latencyutils\LatencyUtils\2.0.3\LatencyUtils-2.0.3.jar;C:\Users\Jason\.m2\repository\org\springframework\boot\spring-boot-starter-security\3.4.5\spring-boot-starter-security-3.4.5.jar;C:\Users\Jason\.m2\repository\org\springframework\spring-aop\6.2.6\spring-aop-6.2.6.jar;C:\Users\Jason\.m2\repository\org\springframework\security\spring-security-config\6.4.5\spring-security-config-6.4.5.jar;C:\Users\Jason\.m2\repository\org\springframework\security\spring-security-core\6.4.5\spring-security-core-6.4.5.jar;C:\Users\Jason\.m2\repository\org\springframework\security\spring-security-crypto\6.4.5\spring-security-crypto-6.4.5.jar;C:\Users\Jason\.m2\repository\org\springframework\security\spring-security-web\6.4.5\spring-security-web-6.4.5.jar;C:\Users\Jason\.m2\repository\io\jsonwebtoken\jjwt-api\0.11.5\jjwt-api-0.11.5.jar;C:\Users\Jason\.m2\repository\io\jsonwebtoken\jjwt-impl\0.11.5\jjwt-impl-0.11.5.jar;C:\Users\Jason\.m2\repository\io\jsonwebtoken\jjwt-jackson\0.11.5\jjwt-jackson-0.11.5.jar;C:\Users\Jason\.m2\repository\org\springdoc\springdoc-openapi-starter-webmvc-ui\2.5.0\springdoc-openapi-starter-webmvc-ui-2.5.0.jar;C:\Users\Jason\.m2\repository\org\springdoc\springdoc-openapi-starter-webmvc-api\2.5.0\springdoc-openapi-starter-webmvc-api-2.5.0.jar;C:\Users\Jason\.m2\repository\org\springdoc\springdoc-openapi-starter-common\2.5.0\springdoc-openapi-starter-common-2.5.0.jar;C:\Users\Jason\.m2\repository\io\swagger\core\v3\swagger-core-jakarta\2.2.21\swagger-core-jakarta-2.2.21.jar;C:\Users\Jason\.m2\repository\io\swagger\core\v3\swagger-annotations-jakarta\2.2.21\swagger-annotations-jakarta-2.2.21.jar;C:\Users\Jason\.m2\repository\io\swagger\core\v3\swagger-models-jakarta\2.2.21\swagger-models-jakarta-2.2.21.jar;C:\Users\Jason\.m2\repository\jakarta\validation\jakarta.validation-api\3.0.2\jakarta.validation-api-3.0.2.jar;C:\Users\Jason\.m2\repository\com\fasterxml\jackson\dataformat\jackson-dataformat-yaml\2.18.3\jackson-dataformat-yaml-2.18.3.jar;C:\Users\Jason\.m2\repository\org\webjars\swagger-ui\5.13.0\swagger-ui-5.13.0.jar
Launcher Type: SUN_STANDARD

[Global flags]
     intx CICompilerCount                          = 4                                         {product} {ergonomic}
     uint ConcGCThreads                            = 2                                         {product} {ergonomic}
     uint G1ConcRefinementThreads                  = 8                                         {product} {ergonomic}
   size_t G1HeapRegionSize                         = 2097152                                   {product} {ergonomic}
   size_t InitialHeapSize                          = 266338304                                 {product} {ergonomic}
     bool ManagementServer                         = true                                      {product} {command line}
   size_t MarkStackSize                            = 4194304                                   {product} {ergonomic}
   size_t MaxHeapSize                              = 4246732800                                {product} {ergonomic}
   size_t MaxNewSize                               = 2548039680                                {product} {ergonomic}
   size_t MinHeapDeltaBytes                        = 2097152                                   {product} {ergonomic}
   size_t MinHeapSize                              = 8388608                                   {product} {ergonomic}
    uintx NonNMethodCodeHeapSize                   = 4096                                   {pd product} {ergonomic}
    uintx NonProfiledCodeHeapSize                  = 0                                      {pd product} {ergonomic}
     bool ProfileInterpreter                       = false                                  {pd product} {command line}
    uintx ProfiledCodeHeapSize                     = 0                                      {pd product} {ergonomic}
   size_t SoftMaxHeapSize                          = 4246732800                             {manageable} {ergonomic}
     intx TieredStopAtLevel                        = 1                                         {product} {command line}
     bool UseCompressedOops                        = true                           {product lp64_product} {ergonomic}
     bool UseG1GC                                  = true                                      {product} {ergonomic}
     bool UseLargePagesIndividualAllocation        = false                                  {pd product} {ergonomic}

Logging:
Log output configuration:
 #0: stdout all=warning uptime,level,tags foldmultilines=false
 #1: stderr all=off uptime,level,tags foldmultilines=false

Environment Variables:
PATH=C:\Program Files\Common Files\Oracle\Java\javapath;C:\WINDOWS\system32;C:\WINDOWS;C:\WINDOWS\System32\Wbem;C:\WINDOWS\System32\WindowsPowerShell\v1.0\;C:\WINDOWS\System32\OpenSSH\;C:\Program Files\Git\cmd;C:\Users\Jason\AppData\Local\nvm;C:\nvm4w\nodejs;C:\xampp\php;C:\composer;C:\Program Files\Docker\Docker\resources\bin;C:\Program Files\MySQL\MySQL Server 8.0\bin\;C:\xampp2\mysql\bin;C:\Users\Jason\AppData\Local\Programs\ngrok;C:\ngrok;C:\Program Files\MySQL\MySQL Shell 8.0\bin\;C:\Users\Jason\AppData\Local\Programs\Python\Launcher\;C:\Users\Jason\AppData\Local\Microsoft\WindowsApps;C:\Users\Jason\AppData\Local\Programs\Microsoft VS Code\bin;C:\Users\Jason\AppData\Roaming\npm;C:\Program Files\JetBrains\IntelliJ IDEA 2025.1.2\bin;;C:\Users\Jason\Downloads\nvm-master;C:\Users\Jason\AppData\Local\nvm;C:\nvm4w\nodejs;C:\Users\Jason\AppData\Roaming\Composer\vendor\bin;C:\composer;C:\Program Files\MySQL\MySQL Server 8.0\bin\;C:\xampp2\mysql\bin;C:\Users\Jason\AppData\Local\Programs\ngrok;C:\ngrok;
USERNAME=Jason
OS=Windows_NT
PROCESSOR_IDENTIFIER=Intel64 Family 6 Model 142 Stepping 12, GenuineIntel
TMP=C:\Users\Jason\AppData\Local\Temp
TEMP=C:\Users\Jason\AppData\Local\Temp




Periodic native trim disabled

---------------  S Y S T E M  ---------------

OS:
 Windows 11 , 64 bit Build 26100 (10.0.26100.6725)
OS uptime: 4 days 6:38 hours
Hyper-V role detected

CPU: total 8 (initial active 8) (4 cores per cpu, 2 threads per core) family 6 model 142 stepping 12 microcode 0xfe, cx8, cmov, fxsr, ht, mmx, 3dnowpref, sse, sse2, sse3, ssse3, sse4.1, sse4.2, popcnt, lzcnt, tsc, tscinvbit, avx, avx2, aes, erms, clmul, bmi1, bmi2, adx, fma, vzeroupper, clflush, clflushopt, hv, rdtscp, f16c
Processor Information for all 8 processors :
  Max Mhz: 2112, Current Mhz: 1910, Mhz Limit: 1900

Memory: 4k page, system-wide physical 16198M (1589M free)
TotalPageFile size 65350M (AvailPageFile size 117M)
current process WorkingSet (physical memory assigned to process): 175M, peak: 175M
current process commit charge ("private bytes"): 215M, peak: 378M

vm_info: OpenJDK 64-Bit Server VM (22.0.2+9-FR) for windows-amd64 JRE (22.0.2+9-FR), built on 2024-07-09T01:10:09Z by "Administrator" with MS VC++ 16.10 / 16.11 (VS2019)

END.
